<?xml version="1.0" encoding="UTF-8"?>
<testsuite xmlns:xsi="http://www.w3.org/2001/XMLSchema-instance" xsi:noNamespaceSchemaLocation="https://maven.apache.org/surefire/maven-surefire-plugin/xsd/surefire-test-report-3.0.xsd" version="3.0" name="com.fc0.testjwt.TestJwtApplicationTests" time="1.614" tests="1" errors="0" skipped="0" failures="0">
  <properties>
[...]
</properties>
  <testcase name="contextLoads" classname="com.fc0.testjwt.TestJwtApplicationTests" time="0.185">
    <system-out><![CDATA[11:54:46.982 [main] DEBUG org.springframework.test.context.BootstrapUtils - Instantiating CacheAwareContextLoaderDelegate from class [org.springframework.test.context.cache.DefaultCacheAwareContextLoaderDelegate]
11:54:46.993 [main] DEBUG org.springframework.test.context.BootstrapUtils - Instantiating BootstrapContext using constructor [public org.springframework.test.context.support.DefaultBootstrapContext(java.lang.Class,org.springframework.test.context.CacheAwareContextLoaderDelegate)]
11:54:47.022 [main] DEBUG org.springframework.test.context.BootstrapUtils - Instantiating TestContextBootstrapper for test class [com.fc0.testjwt.TestJwtApplicationTests] from class [org.springframework.boot.test.context.SpringBootTestContextBootstrapper]
11:54:47.036 [main] INFO org.springframework.boot.test.context.SpringBootTestContextBootstrapper - Neither @ContextConfiguration nor @ContextHierarchy found for test class [com.fc0.testjwt.TestJwtApplicationTests], using SpringBootContextLoader
11:54:47.040 [main] DEBUG org.springframework.test.context.support.AbstractContextLoader - Did not detect default resource location for test class [com.fc0.testjwt.TestJwtApplicationTests]: class path resource [com/fc0/testjwt/TestJwtApplicationTests-context.xml] does not exist
11:54:47.040 [main] DEBUG org.springframework.test.context.support.AbstractContextLoader - Did not detect default resource location for test class [com.fc0.testjwt.TestJwtApplicationTests]: class path resource [com/fc0/testjwt/TestJwtApplicationTestsContext.groovy] does not exist
11:54:47.040 [main] INFO org.springframework.test.context.support.AbstractContextLoader - Could not detect default resource locations for test class [com.fc0.testjwt.TestJwtApplicationTests]: no resource found for suffixes {-context.xml, Context.groovy}.
11:54:47.041 [main] INFO org.springframework.test.context.support.AnnotationConfigContextLoaderUtils - Could not detect default configuration classes for test class [com.fc0.testjwt.TestJwtApplicationTests]: TestJwtApplicationTests does not declare any static, non-private, non-final, nested classes annotated with @Configuration.
11:54:47.080 [main] DEBUG org.springframework.test.context.support.ActiveProfilesUtils - Could not find an 'annotation declaring class' for annotation type [org.springframework.test.context.ActiveProfiles] and class [com.fc0.testjwt.TestJwtApplicationTests]
11:54:47.143 [main] DEBUG org.springframework.context.annotation.ClassPathScanningCandidateComponentProvider - Identified candidate component class: file [D:\CTF\CODE\TestJwt\target\classes\com\fc0\testjwt\TestJwtApplication.class]
11:54:47.145 [main] INFO org.springframework.boot.test.context.SpringBootTestContextBootstrapper - Found @SpringBootConfiguration com.fc0.testjwt.TestJwtApplication for test class com.fc0.testjwt.TestJwtApplicationTests
11:54:47.238 [main] DEBUG org.springframework.boot.test.context.SpringBootTestContextBootstrapper - @TestExecutionListeners is not present for class [com.fc0.testjwt.TestJwtApplicationTests]: using defaults.
11:54:47.238 [main] INFO org.springframework.boot.test.context.SpringBootTestContextBootstrapper - Loaded default TestExecutionListener class names from location [META-INF/spring.factories]: [org.springframework.boot.test.mock.mockito.MockitoTestExecutionListener, org.springframework.boot.test.mock.mockito.ResetMocksTestExecutionListener, org.springframework.boot.test.autoconfigure.restdocs.RestDocsTestExecutionListener, org.springframework.boot.test.autoconfigure.web.client.MockRestServiceServerResetTestExecutionListener, org.springframework.boot.test.autoconfigure.web.servlet.MockMvcPrintOnlyOnFailureTestExecutionListener, org.springframework.boot.test.autoconfigure.web.servlet.WebDriverTestExecutionListener, org.springframework.boot.test.autoconfigure.webservices.client.MockWebServiceServerTestExecutionListener, org.springframework.test.context.web.ServletTestExecutionListener, org.springframework.test.context.support.DirtiesContextBeforeModesTestExecutionListener, org.springframework.test.context.event.ApplicationEventsTestExecutionListener, org.springframework.test.context.support.DependencyInjectionTestExecutionListener, org.springframework.test.context.support.DirtiesContextTestExecutionListener, org.springframework.test.context.transaction.TransactionalTestExecutionListener, org.springframework.test.context.jdbc.SqlScriptsTestExecutionListener, org.springframework.test.context.event.EventPublishingTestExecutionListener]
11:54:47.250 [main] DEBUG org.springframework.boot.test.context.SpringBootTestContextBootstrapper - Skipping candidate TestExecutionListener [org.springframework.test.context.transaction.TransactionalTestExecutionListener] due to a missing dependency. Specify custom listener classes or make the default listener classes and their required dependencies available. Offending class: [org/springframework/transaction/interceptor/TransactionAttributeSource]
11:54:47.251 [main] DEBUG org.springframework.boot.test.context.SpringBootTestContextBootstrapper - Skipping candidate TestExecutionListener [org.springframework.test.context.jdbc.SqlScriptsTestExecutionListener] due to a missing dependency. Specify custom listener classes or make the default listener classes and their required dependencies available. Offending class: [org/springframework/transaction/interceptor/TransactionAttribute]
11:54:47.251 [main] INFO org.springframework.boot.test.context.SpringBootTestContextBootstrapper - Using TestExecutionListeners: [org.springframework.test.context.web.ServletTestExecutionListener@48e1f6c7, org.springframework.test.context.support.DirtiesContextBeforeModesTestExecutionListener@55cb6996, org.springframework.test.context.event.ApplicationEventsTestExecutionListener@1807e3f6, org.springframework.boot.test.mock.mockito.MockitoTestExecutionListener@480d3575, org.springframework.boot.test.autoconfigure.SpringBootDependencyInjectionTestExecutionListener@f1da57d, org.springframework.test.context.support.DirtiesContextTestExecutionListener@194fad1, org.springframework.test.context.event.EventPublishingTestExecutionListener@26abb146, org.springframework.boot.test.mock.mockito.ResetMocksTestExecutionListener@72c8e7b, org.springframework.boot.test.autoconfigure.restdocs.RestDocsTestExecutionListener@65f8f5ae, org.springframework.boot.test.autoconfigure.web.client.MockRestServiceServerResetTestExecutionListener@431cd9b2, org.springframework.boot.test.autoconfigure.web.servlet.MockMvcPrintOnlyOnFailureTestExecutionListener@38467116, org.springframework.boot.test.autoconfigure.web.servlet.WebDriverTestExecutionListener@5b7a7f33, org.springframework.boot.test.autoconfigure.webservices.client.MockWebServiceServerTestExecutionListener@790da477]
11:54:47.254 [main] DEBUG org.springframework.test.context.support.AbstractDirtiesContextTestExecutionListener - Before test class: context [DefaultTestContext@30f842ca testClass = TestJwtApplicationTests, testInstance = [null], testMethod = [null], testException = [null], mergedContextConfiguration = [WebMergedContextConfiguration@69c81773 testClass = TestJwtApplicationTests, locations = '{}', classes = '{class com.fc0.testjwt.TestJwtApplication}', contextInitializerClasses = '[]', activeProfiles = '{}', propertySourceLocations = '{}', propertySourceProperties = '{org.springframework.boot.test.context.SpringBootTestContextBootstrapper=true}', contextCustomizers = set[org.springframework.boot.test.context.filter.ExcludeFilterContextCustomizer@7b98f307, org.springframework.boot.test.json.DuplicateJsonObjectContextCustomizerFactory$DuplicateJsonObjectContextCustomizer@59474f18, org.springframework.boot.test.mock.mockito.MockitoContextCustomizer@0, org.springframework.boot.test.web.client.TestRestTemplateContextCustomizer@5b7a5baa, org.springframework.boot.test.autoconfigure.actuate.metrics.MetricsExportContextCustomizerFactory$DisableMetricExportContextCustomizer@6c6cb480, org.springframework.boot.test.autoconfigure.properties.PropertyMappingContextCustomizer@0, org.springframework.boot.test.autoconfigure.web.servlet.WebDriverContextCustomizerFactory$Customizer@7e6f74c, org.springframework.boot.test.context.SpringBootTestArgs@1, org.springframework.boot.test.context.SpringBootTestWebEnvironment@6e1ec318], resourceBasePath = 'src/main/webapp', contextLoader = 'org.springframework.boot.test.context.SpringBootContextLoader', parent = [null]], attributes = map['org.springframework.test.context.web.ServletTestExecutionListener.activateListener' -> true]], class annotated with @DirtiesContext [false] with mode [null].

  .   ____          _            __ _ _
 /\\ / ___'_ __ _ _(_)_ __  __ _ \ \ \ \
( ( )\___ | '_ | '_| | '_ \/ _` | \ \ \ \
 \\/  ___)| |_)| | | | | || (_| |  ) ) ) )
  '  |____| .__|_| |_|_| |_\__, | / / / /
 =========|_|==============|___/=/_/_/_/
 :: Spring Boot ::               (v2.6.13)

2024-09-05 11:54:47.482  INFO 10296 --- [           main] com.fc0.testjwt.TestJwtApplicationTests  : Starting TestJwtApplicationTests using Java 1.8.0_391 on Fc04dB with PID 10296 (started by 20957 in D:\CTF\CODE\TestJwt)
2024-09-05 11:54:47.483  INFO 10296 --- [           main] com.fc0.testjwt.TestJwtApplicationTests  : No active profile set, falling back to 1 default profile: "default"
2024-09-05 11:54:48.257  INFO 10296 --- [           main] o.s.b.a.w.s.WelcomePageHandlerMapping    : Adding welcome page: class path resource [static/index.html]
2024-09-05 11:54:48.339  INFO 10296 --- [           main] com.fc0.testjwt.TestJwtApplicationTests  : Started TestJwtApplicationTests in 1.051 seconds (JVM running for 1.804)
]]></system-out>
  </testcase>
</testsuite>